Determining if the pthread_create exist failed with the following output:
Change Dir: /home/marika/compSci/FRI/pointcloud/build/CMakeFiles/CMakeTmp

Run Build Command:"/usr/bin/make" "cmTC_0a2ff/fast"
make[1]: Entering directory '/home/marika/compSci/FRI/pointcloud/build/CMakeFiles/CMakeTmp'
/usr/bin/make -f CMakeFiles/cmTC_0a2ff.dir/build.make CMakeFiles/cmTC_0a2ff.dir/build
make[2]: Entering directory '/home/marika/compSci/FRI/pointcloud/build/CMakeFiles/CMakeTmp'
Building C object CMakeFiles/cmTC_0a2ff.dir/CheckSymbolExists.c.o
/usr/bin/cc     -o CMakeFiles/cmTC_0a2ff.dir/CheckSymbolExists.c.o   -c /home/marika/compSci/FRI/pointcloud/build/CMakeFiles/CMakeTmp/CheckSymbolExists.c
Linking C executable cmTC_0a2ff
/usr/bin/cmake -E cmake_link_script CMakeFiles/cmTC_0a2ff.dir/link.txt --verbose=1
/usr/bin/cc       CMakeFiles/cmTC_0a2ff.dir/CheckSymbolExists.c.o  -o cmTC_0a2ff -rdynamic 
CMakeFiles/cmTC_0a2ff.dir/CheckSymbolExists.c.o: In function `main':
CheckSymbolExists.c:(.text+0x16): undefined reference to `pthread_create'
collect2: error: ld returned 1 exit status
CMakeFiles/cmTC_0a2ff.dir/build.make:97: recipe for target 'cmTC_0a2ff' failed
make[2]: *** [cmTC_0a2ff] Error 1
make[2]: Leaving directory '/home/marika/compSci/FRI/pointcloud/build/CMakeFiles/CMakeTmp'
Makefile:126: recipe for target 'cmTC_0a2ff/fast' failed
make[1]: *** [cmTC_0a2ff/fast] Error 2
make[1]: Leaving directory '/home/marika/compSci/FRI/pointcloud/build/CMakeFiles/CMakeTmp'

File /home/marika/compSci/FRI/pointcloud/build/CMakeFiles/CMakeTmp/CheckSymbolExists.c:
/* */
#include <pthread.h>

int main(int argc, char** argv)
{
  (void)argv;
#ifndef pthread_create
  return ((int*)(&pthread_create))[argc];
#else
  (void)argc;
  return 0;
#endif
}

Determining if the function pthread_create exists in the pthreads failed with the following output:
Change Dir: /home/marika/compSci/FRI/pointcloud/build/CMakeFiles/CMakeTmp

Run Build Command:"/usr/bin/make" "cmTC_9bbfa/fast"
make[1]: Entering directory '/home/marika/compSci/FRI/pointcloud/build/CMakeFiles/CMakeTmp'
/usr/bin/make -f CMakeFiles/cmTC_9bbfa.dir/build.make CMakeFiles/cmTC_9bbfa.dir/build
make[2]: Entering directory '/home/marika/compSci/FRI/pointcloud/build/CMakeFiles/CMakeTmp'
Building C object CMakeFiles/cmTC_9bbfa.dir/CheckFunctionExists.c.o
/usr/bin/cc    -DCHECK_FUNCTION_EXISTS=pthread_create   -o CMakeFiles/cmTC_9bbfa.dir/CheckFunctionExists.c.o   -c /usr/share/cmake-3.5/Modules/CheckFunctionExists.c
Linking C executable cmTC_9bbfa
/usr/bin/cmake -E cmake_link_script CMakeFiles/cmTC_9bbfa.dir/link.txt --verbose=1
/usr/bin/cc   -DCHECK_FUNCTION_EXISTS=pthread_create    CMakeFiles/cmTC_9bbfa.dir/CheckFunctionExists.c.o  -o cmTC_9bbfa -rdynamic -lpthreads 
/usr/bin/ld: cannot find -lpthreads
collect2: error: ld returned 1 exit status
CMakeFiles/cmTC_9bbfa.dir/build.make:97: recipe for target 'cmTC_9bbfa' failed
make[2]: *** [cmTC_9bbfa] Error 1
make[2]: Leaving directory '/home/marika/compSci/FRI/pointcloud/build/CMakeFiles/CMakeTmp'
Makefile:126: recipe for target 'cmTC_9bbfa/fast' failed
make[1]: *** [cmTC_9bbfa/fast] Error 2
make[1]: Leaving directory '/home/marika/compSci/FRI/pointcloud/build/CMakeFiles/CMakeTmp'


